NSLS Electrometer log file from 2017-11-01 13:22:01.964000

OK> "m = 0"OK> "r = 1"OK> "n = 1"OK> "p = 1000000"2017-11-01 13:22:15.986000		-0.200		-0.200		-0.200		+0.006
2017-11-01 13:22:16.986000		-0.200		-0.200		-0.200		+0.004
2017-11-01 13:22:17.984000		-0.200		-0.200		-0.200		+0.007
2017-11-01 13:22:18.985000		-0.200		-0.200		-0.200		+0.006
2017-11-01 13:22:19.985000		-0.200		-0.200		-0.200		+0.005
2017-11-01 13:22:20.985000		-0.200		-0.200		-0.200		+0.005
2017-11-01 13:22:21.986000		-0.200		-0.200		-0.200		+0.009
2017-11-01 13:22:22.986000		-0.200		-0.200		-0.200		+0.007
2017-11-01 13:22:23.986000		-0.200		-0.200		-0.200		+0.007
2017-11-01 13:22:24.985000		-0.200		-0.200		-0.200		+0.005
2017-11-01 13:22:25.986000		-0.200		-0.200		-0.200		+0.007
2017-11-01 13:22:26.986000		-0.200		-0.200		-0.200		+0.006
2017-11-01 13:22:27.985000		-0.200		-0.200		-0.200		+0.006

Offset		CH1			CH2			CH3			CH4
-0.200 pA	-0.200 pA	-0.200 pf	+0.006 pA

IP				Porta
10.2.111.34		5757

Full Scale: 50.000 pA	 Resolution: 47.874 aA

Datetime						CH1(pA)		CH2(pA)		CH3(pA)		CH4(pA)
2017-11-01 13:22:50.986000		+0.000		+0.000		+0.000		+0.000
2017-11-01 13:22:51.987000		+0.000		+0.000		+0.000		+0.000
2017-11-01 13:22:52.986000		+0.000		+0.000		+0.000		-0.001
2017-11-01 13:22:53.986000		+0.000		+0.000		+0.000		+0.001
2017-11-01 13:22:54.986000		+0.000		+0.000		+0.000		+0.002
2017-11-01 13:22:55.986000		+0.000		+0.000		+0.000		+0.001
2017-11-01 13:22:56.986000		+0.000		+0.000		+0.000		-0.000
2017-11-01 13:22:57.986000		+0.000		+0.000		+0.000		+0.000
2017-11-01 13:22:58.987000		+0.000		+0.000		+0.000		-0.001
2017-11-01 13:22:59.987000		+0.000		+0.000		+0.000		+0.000
2017-11-01 13:23:00.987000		+0.000		+0.000		+0.000		-0.001
2017-11-01 13:23:01.986000		+0.000		+0.198		+0.000		+0.001
2017-11-01 13:23:02.987000		+0.000		+0.463		+0.000		+0.001
2017-11-01 13:23:03.987000		+0.000		+0.465		+0.000		+0.001
2017-11-01 13:23:04.986000		+0.000		+0.460		+0.000		+0.001
2017-11-01 13:23:05.987000		+0.000		+0.459		+0.000		+0.001
2017-11-01 13:23:06.987000		+0.000		+0.711		+0.000		-0.002
2017-11-01 13:23:07.987000		+0.000		+0.959		+0.000		-0.001
2017-11-01 13:23:08.986000		+0.000		+0.950		+0.000		+0.000
2017-11-01 13:23:09.987000		+0.000		+0.956		+0.000		+0.000
2017-11-01 13:23:10.986000		+0.000		+0.968		+0.000		+0.000
2017-11-01 13:23:11.987000		+0.000		+1.187		+0.000		-0.001
2017-11-01 13:23:12.986000		+0.000		+1.489		+0.000		-0.000
2017-11-01 13:23:13.987000		+0.000		+1.471		+0.000		+0.000
2017-11-01 13:23:14.986000		+0.000		+1.493		+0.000		+0.001
2017-11-01 13:23:15.987000		+0.000		+1.463		+0.000		-0.001
2017-11-01 13:23:16.987000		+0.000		+1.706		+0.000		-0.000
2017-11-01 13:23:17.987000		+0.000		+2.022		+0.000		+0.000
2017-11-01 13:23:18.987000		+0.000		+1.945		+0.000		-0.001
2017-11-01 13:23:19.988000		+0.000		+2.002		+0.000		+0.001
2017-11-01 13:23:20.987000		+0.000		+1.990		+0.000		-0.002
2017-11-01 13:23:21.988000		+0.000		+2.202		+0.000		+0.002
2017-11-01 13:23:22.987000		+0.000		+2.488		+0.000		-0.000
2017-11-01 13:23:23.987000		+0.000		+2.506		+0.000		+0.001
2017-11-01 13:23:24.987000		+0.000		+2.457		+0.000		+0.001
2017-11-01 13:23:25.988000		+0.000		+2.482		+0.000		+0.001
2017-11-01 13:23:26.987000		+0.000		+2.709		+0.000		-0.000
2017-11-01 13:23:27.988000		+0.000		+2.949		+0.000		+0.001
2017-11-01 13:23:28.987000		+0.000		+2.931		+0.000		+0.001
2017-11-01 13:23:29.988000		+0.000		+2.942		+0.000		+0.001
2017-11-01 13:23:30.987000		+0.000		+2.937		+0.000		-0.001
2017-11-01 13:23:31.987000		+0.000		+3.165		+0.000		+0.001
2017-11-01 13:23:32.988000		+0.000		+3.444		+0.000		+0.001
2017-11-01 13:23:33.987000		+0.000		+3.418		+0.000		+0.001
2017-11-01 13:23:34.987000		+0.000		+3.434		+0.000		-0.001
2017-11-01 13:23:35.988000		+0.000		+3.442		+0.000		+0.001
2017-11-01 13:23:36.988000		+0.000		+3.666		+0.000		-0.000
2017-11-01 13:23:37.988000		+0.000		+3.934		+0.000		-0.000
2017-11-01 13:23:38.987000		+0.000		+3.922		+0.000		+0.001
2017-11-01 13:23:39.988000		+0.000		+3.945		+0.000		+0.000
2017-11-01 13:23:40.988000		+0.000		+3.940		+0.000		+0.001
2017-11-01 13:23:41.987000		+0.000		+4.186		+0.000		+0.001
2017-11-01 13:23:42.988000		+0.000		+4.438		+0.000		-0.001
2017-11-01 13:23:43.987000		+0.000		+4.435		+0.000		+0.001
2017-11-01 13:23:44.988000		+0.000		+4.434		+0.000		+0.001
2017-11-01 13:23:45.988000		+0.000		+4.413		+0.000		+0.002
2017-11-01 13:23:46.988000		+0.000		+4.736		+0.000		-0.000
2017-11-01 13:23:47.988000		+0.000		+4.955		+0.000		+0.001
2017-11-01 13:23:48.987000		+0.000		+4.962		+0.000		-0.000
2017-11-01 13:23:49.988000		+0.000		+4.934		+0.000		+0.002
2017-11-01 13:23:50.988000		+0.000		+4.967		+0.000		+0.002
2017-11-01 13:23:51.988000		+0.000		+5.178		+0.000		+0.001
2017-11-01 13:23:52.988000		+0.000		+5.476		+0.000		-0.000
2017-11-01 13:23:53.988000		+0.000		+5.467		+0.000		+0.001
2017-11-01 13:23:54.988000		+0.000		+5.521		+0.000		+0.001
2017-11-01 13:23:55.988000		+0.000		+5.459		+0.000		+0.001
2017-11-01 13:23:56.988000		+0.000		+5.724		+0.000		-0.000
2017-11-01 13:23:57.988000		+0.000		+5.980		+0.000		+0.001
2017-11-01 13:23:58.987000		+0.000		+5.949		+0.000		+0.001
2017-11-01 13:23:59.988000		+0.000		+5.997		+0.000		+0.000
2017-11-01 13:24:00.988000		+0.000		+5.967		+0.000		-0.000
2017-11-01 13:24:01.989000		+0.000		+6.226		+0.000		+0.000
2017-11-01 13:24:02.988000		+0.000		+6.467		+0.000		-0.000
2017-11-01 13:24:03.988000		+0.000		+6.471		+0.000		+0.002
2017-11-01 13:24:04.988000		+0.000		+6.462		+0.000		+0.000
2017-11-01 13:24:05.988000		+0.000		+6.471		+0.000		+0.001
2017-11-01 13:24:06.988000		+0.000		+6.668		+0.000		-0.001
2017-11-01 13:24:07.988000		+0.000		+6.901		+0.000		+0.001
2017-11-01 13:24:08.989000		+0.000		+6.930		+0.000		+0.001
2017-11-01 13:24:09.989000		+0.000		+6.916		+0.000		+0.001
2017-11-01 13:24:10.989000		+0.000		+6.916		+0.000		+0.002
2017-11-01 13:24:11.988000		+0.000		+7.124		+0.000		+0.000
2017-11-01 13:24:12.988000		+0.000		+7.417		+0.000		-0.001
2017-11-01 13:24:13.989000		+0.000		+7.430		+0.000		+0.001
2017-11-01 13:24:14.988000		+0.000		+7.404		+0.000		-0.000
2017-11-01 13:24:15.988000		+0.000		+7.431		+0.000		+0.003
2017-11-01 13:24:16.988000		+0.000		+7.651		+0.000		+0.001
2017-11-01 13:24:17.988000		+0.000		+7.968		+0.000		+0.001
2017-11-01 13:24:18.988000		+0.000		+8.001		+0.000		-0.000
2017-11-01 13:24:19.989000		+0.000		+7.826		+0.000		+0.003
2017-11-01 13:24:20.988000		+0.000		+7.935		+0.000		+0.001
2017-11-01 13:24:21.988000		+0.000		+8.174		+0.000		+0.002
2017-11-01 13:24:22.989000		+0.000		+8.473		+0.000		+0.001
2017-11-01 13:24:23.989000		+0.000		+8.422		+0.000		+0.003
2017-11-01 13:24:24.988000		+0.000		+8.465		+0.000		+0.002
2017-11-01 13:24:25.989000		+0.000		+8.450		+0.000		+0.003
2017-11-01 13:24:26.989000		+0.000		+8.666		+0.000		+0.002
2017-11-01 13:24:27.989000		+0.000		+8.856		+0.000		+0.002
2017-11-01 13:24:28.989000		+0.000		+9.033		+0.000		+0.001
2017-11-01 13:24:29.989000		+0.000		+8.928		+0.000		+0.003
2017-11-01 13:24:30.988000		+0.000		+8.973		+0.000		+0.000
2017-11-01 13:24:31.989000		+0.000		+9.216		+0.000		+0.002
2017-11-01 13:24:32.988000		+0.000		+9.482		+0.000		+0.001
2017-11-01 13:24:33.990000		+0.000		+9.453		+0.000		+0.000
2017-11-01 13:24:34.988000		+0.000		+9.451		+0.000		+0.001
2017-11-01 13:24:35.989000		+0.000		+9.471		+0.000		+0.001
2017-11-01 13:24:36.989000		+0.000		+9.700		+0.000		+0.001
2017-11-01 13:24:37.989000		+0.000		+9.962		+0.000		+0.003
2017-11-01 13:24:38.989000		+0.000		+9.974		+0.000		+0.001
2017-11-01 13:24:39.989000		+0.000		+9.945		+0.000		+0.004
2017-11-01 13:24:40.989000		+0.000		+9.956		+0.000		+0.001
2017-11-01 13:24:41.990000		+0.000		+9.955		+0.000		+0.001
2017-11-01 13:24:42.989000		+0.000		+9.991		+0.000		+0.000
2017-11-01 13:24:43.990000		+0.000		+9.947		+0.000		+0.002
2017-11-01 13:24:44.989000		+0.000		+9.946		+0.000		+0.001
2017-11-01 13:24:45.990000		+0.000		+9.931		+0.000		+0.002
2017-11-01 13:24:46.989000		+0.000		+9.960		+0.000		-0.001
2017-11-01 13:24:47.990000		+0.000		+9.950		+0.000		+0.000
