Electrometer log file from 2017-11-01 13:39:21.341000

OK> "m = 0"OK> "r = 1"OK> "n = 1"OK> "p = 1000000"2017-11-01 13:39:35.023000		-0.200		-0.200		-0.200		+0.010
2017-11-01 13:39:36.022000		-0.200		-0.200		-0.200		+0.010
2017-11-01 13:39:37.022000		-0.200		-0.200		-0.200		+0.010
2017-11-01 13:39:38.023000		-0.200		-0.200		-0.200		+0.009
2017-11-01 13:39:39.022000		-0.200		-0.200		-0.200		+0.011
2017-11-01 13:39:40.023000		-0.200		-0.200		-0.200		+0.008
2017-11-01 13:39:41.022000		-0.200		-0.200		-0.200		+0.011
2017-11-01 13:39:42.023000		-0.200		-0.200		-0.200		+0.011
2017-11-01 13:39:43.023000		-0.200		-0.200		-0.200		+0.010
2017-11-01 13:39:44.023000		-0.200		-0.200		-0.200		+0.011
2017-11-01 13:39:45.023000		-0.200		-0.200		-0.200		+0.011
2017-11-01 13:39:46.023000		-0.200		-0.200		-0.200		+0.011
2017-11-01 13:39:47.022000		-0.200		-0.200		-0.200		+0.009

Offset		CH1			CH2			CH3			CH4
-0.200 pA	-0.200 pA	-0.200 pf	+0.010 pA

IP				Porta
10.2.111.34		5757

Full Scale: 50.000 pA	 Resolution: 47.874 aA

Datetime						CH1(pA)		CH2(pA)		CH3(pA)		CH4(pA)
2017-11-01 13:40:07.024000		+0.000		+0.000		+0.000		-0.000
2017-11-01 13:40:08.024000		+0.000		+0.000		+0.000		+0.000
2017-11-01 13:40:09.024000		+0.000		+0.000		+0.000		+0.001
2017-11-01 13:40:10.024000		+0.000		+0.000		+0.000		-0.001
2017-11-01 13:40:11.023000		+0.000		+0.000		+0.000		+0.000
2017-11-01 13:40:12.024000		+0.000		+0.000		+0.000		+0.001
2017-11-01 13:40:13.023000		+0.000		+0.000		+0.000		+0.001
2017-11-01 13:40:14.024000		+0.000		+0.000		+0.000		+0.002
2017-11-01 13:40:15.024000		+0.000		+0.000		+0.000		-0.000
2017-11-01 13:40:16.024000		+0.000		+0.000		+0.000		+0.001
2017-11-01 13:40:17.024000		+0.000		+0.000		+0.000		-0.002
2017-11-01 13:40:18.023000		+0.000		+0.000		+0.000		+0.002
2017-11-01 13:40:19.023000		+0.000		+0.000		+0.000		-0.000
2017-11-01 13:40:20.024000		+0.000		+0.000		+0.000		+0.001
2017-11-01 13:40:21.023000		+0.000		+0.000		+0.000		+0.001
2017-11-01 13:40:22.024000		+0.000		+0.861		+0.000		+0.001
2017-11-01 13:40:23.023000		+0.000		+0.923		+0.000		-0.000
2017-11-01 13:40:24.024000		+0.000		+0.839		+0.000		+0.002
2017-11-01 13:40:25.024000		+0.000		+0.895		+0.000		-0.001
2017-11-01 13:40:26.024000		+0.000		+0.907		+0.000		+0.003
2017-11-01 13:40:27.024000		+0.000		+0.872		+0.000		+0.001
2017-11-01 13:40:28.024000		+0.000		+0.889		+0.000		+0.002
2017-11-01 13:40:29.024000		+0.000		+0.877		+0.000		+0.000
2017-11-01 13:40:30.024000		+0.000		+0.902		+0.000		+0.002
2017-11-01 13:40:31.024000		+0.000		+0.958		+0.000		+0.001
2017-11-01 13:40:32.024000		+0.000		+1.898		+0.000		+0.000
2017-11-01 13:40:33.024000		+0.000		+1.895		+0.000		+0.001
2017-11-01 13:40:34.024000		+0.000		+1.899		+0.000		+0.002
2017-11-01 13:40:35.024000		+0.000		+1.916		+0.000		+0.001
2017-11-01 13:40:36.024000		+0.000		+1.883		+0.000		+0.002
2017-11-01 13:40:37.024000		+0.000		+1.908		+0.000		+0.002
2017-11-01 13:40:38.024000		+0.000		+1.893		+0.000		+0.002
2017-11-01 13:40:39.025000		+0.000		+1.870		+0.000		+0.000
2017-11-01 13:40:40.024000		+0.000		+1.901		+0.000		+0.003
2017-11-01 13:40:41.024000		+0.000		+1.945		+0.000		+0.002
2017-11-01 13:40:42.025000		+0.000		+2.904		+0.000		-0.000
2017-11-01 13:40:43.024000		+0.000		+2.854		+0.000		+0.001
2017-11-01 13:40:44.025000		+0.000		+2.885		+0.000		+0.000
2017-11-01 13:40:45.025000		+0.000		+2.893		+0.000		+0.001
2017-11-01 13:40:46.025000		+0.000		+2.874		+0.000		+0.002
2017-11-01 13:40:47.024000		+0.000		+2.869		+0.000		-0.001
2017-11-01 13:40:48.024000		+0.000		+2.862		+0.000		+0.003
2017-11-01 13:40:49.024000		+0.000		+2.881		+0.000		-0.000
2017-11-01 13:40:50.025000		+0.000		+2.871		+0.000		+0.003
2017-11-01 13:40:51.024000		+0.000		+2.917		+0.000		+0.001
2017-11-01 13:40:52.025000		+0.000		+3.869		+0.000		+0.001
2017-11-01 13:40:53.025000		+0.000		+3.885		+0.000		-0.000
2017-11-01 13:40:54.025000		+0.000		+3.911		+0.000		+0.001
2017-11-01 13:40:55.025000		+0.000		+3.860		+0.000		+0.002
2017-11-01 13:40:56.025000		+0.000		+3.917		+0.000		+0.002
2017-11-01 13:40:57.024000		+0.000		+3.897		+0.000		+0.000
2017-11-01 13:40:58.025000		+0.000		+3.895		+0.000		+0.002
2017-11-01 13:40:59.025000		+0.000		+3.880		+0.000		-0.002
2017-11-01 13:41:00.025000		+0.000		+3.910		+0.000		+0.003
2017-11-01 13:41:01.025000		+0.000		+3.931		+0.000		-0.000
2017-11-01 13:41:02.025000		+0.000		+4.925		+0.000		+0.003
2017-11-01 13:41:03.025000		+0.000		+4.910		+0.000		-0.001
2017-11-01 13:41:04.025000		+0.000		+4.919		+0.000		+0.002
2017-11-01 13:41:05.024000		+0.000		+4.900		+0.000		+0.002
2017-11-01 13:41:06.025000		+0.000		+4.905		+0.000		+0.001
2017-11-01 13:41:07.025000		+0.000		+4.902		+0.000		+0.001
2017-11-01 13:41:08.025000		+0.000		+4.908		+0.000		+0.002
2017-11-01 13:41:09.025000		+0.000		+4.935		+0.000		+0.002
2017-11-01 13:41:10.025000		+0.000		+4.905		+0.000		+0.002
2017-11-01 13:41:11.025000		+0.000		+4.988		+0.000		+0.001
2017-11-01 13:41:12.025000		+0.000		+5.939		+0.000		+0.002
2017-11-01 13:41:13.025000		+0.000		+5.920		+0.000		+0.001
2017-11-01 13:41:14.025000		+0.000		+5.913		+0.000		+0.002
2017-11-01 13:41:15.025000		+0.000		+5.964		+0.000		+0.001
2017-11-01 13:41:16.025000		+0.000		+5.915		+0.000		+0.003
2017-11-01 13:41:17.025000		+0.000		+5.961		+0.000		+0.001
2017-11-01 13:41:18.025000		+0.000		+5.919		+0.000		+0.000
2017-11-01 13:41:19.025000		+0.000		+5.925		+0.000		-0.000
2017-11-01 13:41:20.025000		+0.000		+5.924		+0.000		+0.003
2017-11-01 13:41:21.025000		+0.000		+6.012		+0.000		+0.001
2017-11-01 13:41:22.025000		+0.000		+6.841		+0.000		+0.003
2017-11-01 13:41:23.025000		+0.000		+6.895		+0.000		+0.001
2017-11-01 13:41:24.025000		+0.000		+6.852		+0.000		+0.004
2017-11-01 13:41:25.025000		+0.000		+6.872		+0.000		+0.001
2017-11-01 13:41:26.025000		+0.000		+6.914		+0.000		+0.002
2017-11-01 13:41:27.025000		+0.000		+6.883		+0.000		+0.001
2017-11-01 13:41:28.025000		+0.000		+6.891		+0.000		+0.002
2017-11-01 13:41:29.026000		+0.000		+6.880		+0.000		+0.001
2017-11-01 13:41:30.026000		+0.000		+6.891		+0.000		+0.000
2017-11-01 13:41:31.026000		+0.000		+6.906		+0.000		+0.000
2017-11-01 13:41:32.025000		+0.000		+7.902		+0.000		+0.003
2017-11-01 13:41:33.025000		+0.000		+7.916		+0.000		+0.001
2017-11-01 13:41:34.026000		+0.000		+7.906		+0.000		+0.003
2017-11-01 13:41:35.026000		+0.000		+7.917		+0.000		+0.002
2017-11-01 13:41:36.026000		+0.000		+7.891		+0.000		+0.003
2017-11-01 13:41:37.026000		+0.000		+7.900		+0.000		+0.002
2017-11-01 13:41:38.026000		+0.000		+7.895		+0.000		+0.002
2017-11-01 13:41:39.025000		+0.000		+7.874		+0.000		+0.001
2017-11-01 13:41:40.027000		+0.000		+7.922		+0.000		+0.002
2017-11-01 13:41:41.025000		+0.000		+7.986		+0.000		+0.003
2017-11-01 13:41:42.026000		+0.000		+8.896		+0.000		+0.003
2017-11-01 13:41:43.026000		+0.000		+8.964		+0.000		+0.003
2017-11-01 13:41:44.026000		+0.000		+8.924		+0.000		+0.003
2017-11-01 13:41:45.026000		+0.000		+8.931		+0.000		+0.001
2017-11-01 13:41:46.026000		+0.000		+8.948		+0.000		+0.003
2017-11-01 13:41:47.026000		+0.000		+8.924		+0.000		+0.002
2017-11-01 13:41:48.027000		+0.000		+8.934		+0.000		+0.003
2017-11-01 13:41:49.026000		+0.000		+8.951		+0.000		+0.001
2017-11-01 13:41:50.027000		+0.000		+8.912		+0.000		+0.003
2017-11-01 13:41:51.026000		+0.000		+8.969		+0.000		+0.002
2017-11-01 13:41:52.027000		+0.000		+9.960		+0.000		+0.002
2017-11-01 13:41:53.026000		+0.000		+9.941		+0.000		+0.002
2017-11-01 13:41:54.026000		+0.000		+9.948		+0.000		+0.002
2017-11-01 13:41:55.026000		+0.000		+9.970		+0.000		-0.001
2017-11-01 13:41:56.027000		+0.000		+9.943		+0.000		+0.003
2017-11-01 13:41:57.026000		+0.000		+9.948		+0.000		+0.002
2017-11-01 13:41:58.027000		+0.000		+9.964		+0.000		+0.004
2017-11-01 13:41:59.027000		+0.000		+9.923		+0.000		+0.002
2017-11-01 13:42:00.026000		+0.000		+9.970		+0.000		+0.002
2017-11-01 13:42:01.026000		+0.000		+10.023		+0.000		+0.001
2017-11-01 13:42:02.026000		+0.000		+10.890		+0.000		+0.004
2017-11-01 13:42:03.026000		+0.000		+10.896		+0.000		+0.003
2017-11-01 13:42:04.027000		+0.000		+10.875		+0.000		+0.003
2017-11-01 13:42:05.027000		+0.000		+10.895		+0.000		+0.003
2017-11-01 13:42:06.027000		+0.000		+10.881		+0.000		+0.002
2017-11-01 13:42:07.026000		+0.000		+10.939		+0.000		+0.001
2017-11-01 13:42:08.027000		+0.000		+10.871		+0.000		+0.003
2017-11-01 13:42:09.026000		+0.000		+10.899		+0.000		+0.003
2017-11-01 13:42:10.027000		+0.000		+10.907		+0.000		+0.001
2017-11-01 13:42:11.026000		+0.000		+11.010		+0.000		+0.002
2017-11-01 13:42:12.027000		+0.000		+11.939		+0.000		+0.005
2017-11-01 13:42:13.027000		+0.000		+11.922		+0.000		+0.002
2017-11-01 13:42:14.027000		+0.000		+11.922		+0.000		+0.003
2017-11-01 13:42:15.027000		+0.000		+11.926		+0.000		+0.002
2017-11-01 13:42:16.027000		+0.000		+11.919		+0.000		+0.001
2017-11-01 13:42:17.027000		+0.000		+11.909		+0.000		+0.000
2017-11-01 13:42:18.027000		+0.000		+11.932		+0.000		+0.004
2017-11-01 13:42:19.027000		+0.000		+11.888		+0.000		+0.002
2017-11-01 13:42:20.027000		+0.000		+11.915		+0.000		+0.003
2017-11-01 13:42:21.027000		+0.000		+11.940		+0.000		+0.001
2017-11-01 13:42:22.027000		+0.000		+12.943		+0.000		+0.003
2017-11-01 13:42:23.027000		+0.000		+12.958		+0.000		+0.001
2017-11-01 13:42:24.028000		+0.000		+12.930		+0.000		+0.004
2017-11-01 13:42:25.027000		+0.000		+12.937		+0.000		-0.000
2017-11-01 13:42:26.027000		+0.000		+12.931		+0.000		+0.002
2017-11-01 13:42:27.027000		+0.000		+12.947		+0.000		+0.001
2017-11-01 13:42:28.027000		+0.000		+12.935		+0.000		+0.002
2017-11-01 13:42:29.027000		+0.000		+12.941		+0.000		+0.001
2017-11-01 13:42:30.028000		+0.000		+12.952		+0.000		+0.003
2017-11-01 13:42:31.028000		+0.000		+13.017		+0.000		+0.002
2017-11-01 13:42:32.027000		+0.000		+13.975		+0.000		+0.003
2017-11-01 13:42:33.027000		+0.000		+13.983		+0.000		+0.002
2017-11-01 13:42:34.027000		+0.000		+14.006		+0.000		+0.004
2017-11-01 13:42:35.027000		+0.000		+13.977		+0.000		+0.000
2017-11-01 13:42:36.028000		+0.000		+13.963		+0.000		+0.005
2017-11-01 13:42:37.027000		+0.000		+13.989		+0.000		+0.001
2017-11-01 13:42:38.028000		+0.000		+13.968		+0.000		+0.003
2017-11-01 13:42:39.027000		+0.000		+13.981		+0.000		+0.003
2017-11-01 13:42:40.028000		+0.000		+13.964		+0.000		+0.002
2017-11-01 13:42:41.027000		+0.000		+14.050		+0.000		+0.003
2017-11-01 13:42:42.027000		+0.000		+14.927		+0.000		+0.004
2017-11-01 13:42:43.027000		+0.000		+14.947		+0.000		+0.002
2017-11-01 13:42:44.028000		+0.000		+14.930		+0.000		+0.004
2017-11-01 13:42:45.027000		+0.000		+14.927		+0.000		+0.001
2017-11-01 13:42:46.028000		+0.000		+14.924		+0.000		+0.004
2017-11-01 13:42:47.027000		+0.000		+14.904		+0.000		+0.002
2017-11-01 13:42:48.028000		+0.000		+14.914		+0.000		+0.004
2017-11-01 13:42:49.028000		+0.000		+14.919		+0.000		+0.002
2017-11-01 13:42:50.028000		+0.000		+14.904		+0.000		+0.004
2017-11-01 13:42:51.028000		+0.000		+15.014		+0.000		+0.002
2017-11-01 13:42:52.028000		+0.000		+15.940		+0.000		+0.003
2017-11-01 13:42:53.028000		+0.000		+15.961		+0.000		+0.001
2017-11-01 13:42:54.028000		+0.000		+15.917		+0.000		+0.003
2017-11-01 13:42:55.028000		+0.000		+15.964		+0.000		+0.003
2017-11-01 13:42:56.028000		+0.000		+15.971		+0.000		+0.003
2017-11-01 13:42:57.028000		+0.000		+15.931		+0.000		+0.002
2017-11-01 13:42:58.028000		+0.000		+15.952		+0.000		+0.003
2017-11-01 13:42:59.028000		+0.000		+15.956		+0.000		+0.003
2017-11-01 13:43:00.028000		+0.000		+15.960		+0.000		+0.004
2017-11-01 13:43:01.028000		+0.000		+16.019		+0.000		-0.000
2017-11-01 13:43:02.028000		+0.000		+16.960		+0.000		+0.005
2017-11-01 13:43:03.028000		+0.000		+16.955		+0.000		+0.002
2017-11-01 13:43:04.029000		+0.000		+16.948		+0.000		+0.003
2017-11-01 13:43:05.028000		+0.000		+16.962		+0.000		+0.002
2017-11-01 13:43:06.028000		+0.000		+16.956		+0.000		+0.004
2017-11-01 13:43:07.028000		+0.000		+16.973		+0.000		+0.004
2017-11-01 13:43:08.029000		+0.000		+16.964		+0.000		+0.007
2017-11-01 13:43:09.028000		+0.000		+16.970		+0.000		+0.003
2017-11-01 13:43:10.028000		+0.000		+17.007		+0.000		+0.004
2017-11-01 13:43:11.028000		+0.000		+17.051		+0.000		+0.003
2017-11-01 13:43:12.028000		+0.000		+17.976		+0.000		+0.005
2017-11-01 13:43:13.028000		+0.000		+18.018		+0.000		+0.001
2017-11-01 13:43:14.028000		+0.000		+17.997		+0.000		+0.002
2017-11-01 13:43:15.028000		+0.000		+18.005		+0.000		+0.004
2017-11-01 13:43:16.028000		+0.000		+17.936		+0.000		+0.003
2017-11-01 13:43:17.028000		+0.000		+18.000		+0.000		+0.001
2017-11-01 13:43:18.028000		+0.000		+17.974		+0.000		+0.003
2017-11-01 13:43:19.028000		+0.000		+17.991		+0.000		+0.001
2017-11-01 13:43:20.028000		+0.000		+17.983		+0.000		+0.004
2017-11-01 13:43:21.028000		+0.000		+18.075		+0.000		+0.002
2017-11-01 13:43:22.029000		+0.000		+18.962		+0.000		+0.006
2017-11-01 13:43:23.029000		+0.000		+18.953		+0.000		+0.000
2017-11-01 13:43:24.029000		+0.000		+18.938		+0.000		+0.004
2017-11-01 13:43:25.028000		+0.000		+18.934		+0.000		+0.002
2017-11-01 13:43:26.029000		+0.000		+18.921		+0.000		+0.005
2017-11-01 13:43:27.029000		+0.000		+18.935		+0.000		+0.003
2017-11-01 13:43:28.029000		+0.000		+18.905		+0.000		+0.005
2017-11-01 13:43:29.028000		+0.000		+19.029		+0.000		+0.002
2017-11-01 13:43:30.029000		+0.000		+18.939		+0.000		+0.004
2017-11-01 13:43:31.029000		+0.000		+19.028		+0.000		+0.002
2017-11-01 13:43:32.029000		+0.000		+19.958		+0.000		+0.005
2017-11-01 13:43:33.029000		+0.000		+19.955		+0.000		+0.002
2017-11-01 13:43:34.029000		+0.000		+19.978		+0.000		+0.006
2017-11-01 13:43:35.028000		+0.000		+19.985		+0.000		+0.003
2017-11-01 13:43:36.029000		+0.000		+19.972		+0.000		+0.005
2017-11-01 13:43:37.029000		+0.000		+19.965		+0.000		+0.001
2017-11-01 13:43:38.029000		+0.000		+19.963		+0.000		+0.004
2017-11-01 13:43:39.029000		+0.000		+19.977		+0.000		+0.004
2017-11-01 13:43:40.029000		+0.000		+19.988		+0.000		+0.004
2017-11-01 13:43:41.029000		+0.000		+20.077		+0.000		+0.002
2017-11-01 13:43:42.029000		+0.000		+20.970		+0.000		+0.005
2017-11-01 13:43:43.030000		+0.000		+20.996		+0.000		-0.000
2017-11-01 13:43:44.030000		+0.000		+21.005		+0.000		+0.004
2017-11-01 13:43:45.030000		+0.000		+21.021		+0.000		+0.003
2017-11-01 13:43:46.029000		+0.000		+20.995		+0.000		+0.003
2017-11-01 13:43:47.029000		+0.000		+21.000		+0.000		+0.001
2017-11-01 13:43:48.029000		+0.000		+21.006		+0.000		+0.005
2017-11-01 13:43:49.029000		+0.000		+20.958		+0.000		+0.002
2017-11-01 13:43:50.029000		+0.000		+21.028		+0.000		+0.004
2017-11-01 13:43:51.030000		+0.000		+21.101		+0.000		+0.002
2017-11-01 13:43:52.030000		+0.000		+22.014		+0.000		+0.005
2017-11-01 13:43:53.029000		+0.000		+22.017		+0.000		+0.002
2017-11-01 13:43:54.030000		+0.000		+22.056		+0.000		+0.004
2017-11-01 13:43:55.029000		+0.000		+22.006		+0.000		+0.001
2017-11-01 13:43:56.030000		+0.000		+22.038		+0.000		+0.004
2017-11-01 13:43:57.030000		+0.000		+22.007		+0.000		+0.003
2017-11-01 13:43:58.030000		+0.000		+22.038		+0.000		+0.004
2017-11-01 13:43:59.029000		+0.000		+22.057		+0.000		+0.004
2017-11-01 13:44:00.029000		+0.000		+22.015		+0.000		+0.004
2017-11-01 13:44:01.029000		+0.000		+22.122		+0.000		+0.001
2017-11-01 13:44:02.030000		+0.000		+22.985		+0.000		+0.003
2017-11-01 13:44:03.029000		+0.000		+22.986		+0.000		+0.003
2017-11-01 13:44:04.030000		+0.000		+22.996		+0.000		+0.004
2017-11-01 13:44:05.030000		+0.000		+22.981		+0.000		+0.002
2017-11-01 13:44:06.030000		+0.000		+22.999		+0.000		+0.003
2017-11-01 13:44:07.030000		+0.000		+22.980		+0.000		+0.003
2017-11-01 13:44:08.030000		+0.000		+22.999		+0.000		+0.005
2017-11-01 13:44:09.030000		+0.000		+22.973		+0.000		+0.001
2017-11-01 13:44:10.030000		+0.000		+22.984		+0.000		+0.004
2017-11-01 13:44:11.030000		+0.000		+23.047		+0.000		+0.004
2017-11-01 13:44:12.029000		+0.000		+24.006		+0.000		+0.006
2017-11-01 13:44:13.030000		+0.000		+23.984		+0.000		+0.002
2017-11-01 13:44:14.030000		+0.000		+24.007		+0.000		+0.005
2017-11-01 13:44:15.030000		+0.000		+24.000		+0.000		+0.003
2017-11-01 13:44:16.030000		+0.000		+23.985		+0.000		+0.003
2017-11-01 13:44:17.030000		+0.000		+24.039		+0.000		+0.003
2017-11-01 13:44:18.030000		+0.000		+23.973		+0.000		+0.004
2017-11-01 13:44:19.030000		+0.000		+24.011		+0.000		+0.002
2017-11-01 13:44:20.031000		+0.000		+24.005		+0.000		+0.003
2017-11-01 13:44:21.030000		+0.000		+24.099		+0.000		+0.002
2017-11-01 13:44:22.030000		+0.000		+25.010		+0.000		+0.004
2017-11-01 13:44:23.029000		+0.000		+25.037		+0.000		+0.003
2017-11-01 13:44:24.030000		+0.000		+25.011		+0.000		+0.002
2017-11-01 13:44:25.030000		+0.000		+25.038		+0.000		+0.003
2017-11-01 13:44:26.031000		+0.000		+25.041		+0.000		+0.005
2017-11-01 13:44:27.030000		+0.000		+25.036		+0.000		+0.003
2017-11-01 13:44:28.031000		+0.000		+25.013		+0.000		+0.003
2017-11-01 13:44:29.030000		+0.000		+25.024		+0.000		+0.002
2017-11-01 13:44:30.030000		+0.000		+25.039		+0.000		+0.006
2017-11-01 13:44:31.030000		+0.000		+25.113		+0.000		+0.003
2017-11-01 13:44:32.031000		+0.000		+26.046		+0.000		+0.004
2017-11-01 13:44:33.031000		+0.000		+26.034		+0.000		+0.002
2017-11-01 13:44:34.031000		+0.000		+26.057		+0.000		+0.006
2017-11-01 13:44:35.031000		+0.000		+26.037		+0.000		+0.003
2017-11-01 13:44:36.031000		+0.000		+26.048		+0.000		+0.004
2017-11-01 13:44:37.031000		+0.000		+26.039		+0.000		+0.004
2017-11-01 13:44:38.031000		+0.000		+26.050		+0.000		+0.005
2017-11-01 13:44:39.031000		+0.000		+26.069		+0.000		+0.004
2017-11-01 13:44:40.030000		+0.000		+26.043		+0.000		+0.004
2017-11-01 13:44:41.030000		+0.000		+26.125		+0.000		+0.004
2017-11-01 13:44:42.031000		+0.000		+26.959		+0.000		+0.005
2017-11-01 13:44:43.031000		+0.000		+26.988		+0.000		+0.002
2017-11-01 13:44:44.031000		+0.000		+27.008		+0.000		+0.006
2017-11-01 13:44:45.030000		+0.000		+27.032		+0.000		+0.001
2017-11-01 13:44:46.030000		+0.000		+26.993		+0.000		+0.005
2017-11-01 13:44:47.030000		+0.000		+27.034		+0.000		+0.003
2017-11-01 13:44:48.031000		+0.000		+27.016		+0.000		+0.005
2017-11-01 13:44:49.031000		+0.000		+26.977		+0.000		+0.003
2017-11-01 13:44:50.031000		+0.000		+27.019		+0.000		+0.005
2017-11-01 13:44:51.031000		+0.000		+27.086		+0.000		+0.003
2017-11-01 13:44:52.031000		+0.000		+28.036		+0.000		+0.005
2017-11-01 13:44:53.031000		+0.000		+28.053		+0.000		+0.002
2017-11-01 13:44:54.031000		+0.000		+28.005		+0.000		+0.004
2017-11-01 13:44:55.031000		+0.000		+28.020		+0.000		+0.003
2017-11-01 13:44:56.032000		+0.000		+28.024		+0.000		+0.005
2017-11-01 13:44:57.031000		+0.000		+28.017		+0.000		+0.002
2017-11-01 13:44:58.032000		+0.000		+27.995		+0.000		+0.004
2017-11-01 13:44:59.031000		+0.000		+28.033		+0.000		+0.002
2017-11-01 13:45:00.032000		+0.000		+28.015		+0.000		+0.004
2017-11-01 13:45:01.031000		+0.000		+28.082		+0.000		+0.003
2017-11-01 13:45:02.032000		+0.000		+29.039		+0.000		+0.004
2017-11-01 13:45:03.031000		+0.000		+29.052		+0.000		+0.005
2017-11-01 13:45:04.032000		+0.000		+28.993		+0.000		+0.005
2017-11-01 13:45:05.031000		+0.000		+29.068		+0.000		+0.003
2017-11-01 13:45:06.032000		+0.000		+29.048		+0.000		+0.003
2017-11-01 13:45:07.032000		+0.000		+29.032		+0.000		+0.004
2017-11-01 13:45:08.031000		+0.000		+29.015		+0.000		+0.005
2017-11-01 13:45:09.032000		+0.000		+29.059		+0.000		+0.004
2017-11-01 13:45:10.031000		+0.000		+29.031		+0.000		+0.005
2017-11-01 13:45:11.031000		+0.000		+29.160		+0.000		+0.003
2017-11-01 13:45:12.031000		+0.000		+30.062		+0.000		+0.006
2017-11-01 13:45:13.032000		+0.000		+30.081		+0.000		+0.004
2017-11-01 13:45:14.032000		+0.000		+30.057		+0.000		+0.004
2017-11-01 13:45:15.032000		+0.000		+30.064		+0.000		+0.003
2017-11-01 13:45:16.032000		+0.000		+30.082		+0.000		+0.007
2017-11-01 13:45:17.032000		+0.000		+30.033		+0.000		+0.003
2017-11-01 13:45:18.032000		+0.000		+30.039		+0.000		+0.005
2017-11-01 13:45:19.032000		+0.000		+30.074		+0.000		+0.003
2017-11-01 13:45:20.031000		+0.000		+30.093		+0.000		+0.010
2017-11-01 13:45:21.032000		+0.000		+30.180		+0.000		+0.001
2017-11-01 13:45:22.032000		+0.000		+31.006		+0.000		+0.005
2017-11-01 13:45:23.032000		+0.000		+31.037		+0.000		+0.003
2017-11-01 13:45:24.032000		+0.000		+31.053		+0.000		+0.005
2017-11-01 13:45:25.032000		+0.000		+31.031		+0.000		+0.004
2017-11-01 13:45:26.032000		+0.000		+31.008		+0.000		+0.004
2017-11-01 13:45:27.032000		+0.000		+31.066		+0.000		+0.004
2017-11-01 13:45:28.032000		+0.000		+31.033		+0.000		+0.005
2017-11-01 13:45:29.032000		+0.000		+31.040		+0.000		+0.004
2017-11-01 13:45:30.032000		+0.000		+31.021		+0.000		+0.005
2017-11-01 13:45:31.032000		+0.000		+31.079		+0.000		+0.005
2017-11-01 13:45:32.033000		+0.000		+32.044		+0.000		+0.007
2017-11-01 13:45:33.032000		+0.000		+32.163		+0.000		+0.003
2017-11-01 13:45:34.032000		+0.000		+31.964		+0.000		+0.006
2017-11-01 13:45:35.032000		+0.000		+32.041		+0.000		+0.002
2017-11-01 13:45:36.032000		+0.000		+32.070		+0.000		+0.005
2017-11-01 13:45:37.032000		+0.000		+32.068		+0.000		+0.002
2017-11-01 13:45:38.032000		+0.000		+32.051		+0.000		+0.006
2017-11-01 13:45:39.032000		+0.000		+32.067		+0.000		+0.002
2017-11-01 13:45:40.032000		+0.000		+32.076		+0.000		+0.006
2017-11-01 13:45:41.032000		+0.000		+32.143		+0.000		+0.003
2017-11-01 13:45:42.032000		+0.000		+33.104		+0.000		+0.004
2017-11-01 13:45:43.032000		+0.000		+33.083		+0.000		+0.003
2017-11-01 13:45:44.033000		+0.000		+33.128		+0.000		+0.005
2017-11-01 13:45:45.032000		+0.000		+33.050		+0.000		+0.004
2017-11-01 13:45:46.033000		+0.000		+33.086		+0.000		+0.004
2017-11-01 13:45:47.032000		+0.000		+33.076		+0.000		+0.003
2017-11-01 13:45:48.033000		+0.000		+33.068		+0.000		+0.006
2017-11-01 13:45:49.033000		+0.000		+33.087		+0.000		+0.003
2017-11-01 13:45:50.033000		+0.000		+33.089		+0.000		+0.006
2017-11-01 13:45:51.032000		+0.000		+33.162		+0.000		+0.003
2017-11-01 13:45:52.033000		+0.000		+34.123		+0.000		+0.007
2017-11-01 13:45:53.033000		+0.000		+34.106		+0.000		+0.003
2017-11-01 13:45:54.033000		+0.000		+34.102		+0.000		+0.004
2017-11-01 13:45:55.033000		+0.000		+34.111		+0.000		+0.003
2017-11-01 13:45:56.033000		+0.000		+34.134		+0.000		+0.005
2017-11-01 13:45:57.033000		+0.000		+34.093		+0.000		+0.002
2017-11-01 13:45:58.034000		+0.000		+34.104		+0.000		+0.006
2017-11-01 13:45:59.033000		+0.000		+34.179		+0.000		+0.004
2017-11-01 13:46:00.034000		+0.000		+34.052		+0.000		+0.007
2017-11-01 13:46:01.033000		+0.000		+34.189		+0.000		+0.003
2017-11-01 13:46:02.033000		+0.000		+35.097		+0.000		+0.008
2017-11-01 13:46:03.033000		+0.000		+35.080		+0.000		+0.005
2017-11-01 13:46:04.034000		+0.000		+35.050		+0.000		+0.005
2017-11-01 13:46:05.033000		+0.000		+35.086		+0.000		+0.003
2017-11-01 13:46:06.034000		+0.000		+35.043		+0.000		+0.006
2017-11-01 13:46:07.034000		+0.000		+35.070		+0.000		+0.004
2017-11-01 13:46:08.034000		+0.000		+35.056		+0.000		+0.006
2017-11-01 13:46:09.034000		+0.000		+35.074		+0.000		+0.004
2017-11-01 13:46:10.034000		+0.000		+35.056		+0.000		+0.006
2017-11-01 13:46:11.034000		+0.000		+35.131		+0.000		+0.002
2017-11-01 13:46:12.034000		+0.000		+36.079		+0.000		+0.007
2017-11-01 13:46:13.034000		+0.000		+36.066		+0.000		+0.003
2017-11-01 13:46:14.034000		+0.000		+36.053		+0.000		+0.005
2017-11-01 13:46:15.034000		+0.000		+36.079		+0.000		+0.005
2017-11-01 13:46:16.034000		+0.000		+36.066		+0.000		+0.002
2017-11-01 13:46:17.033000		+0.000		+36.072		+0.000		+0.003
2017-11-01 13:46:18.034000		+0.000		+36.070		+0.000		-0.005
2017-11-01 13:46:19.034000		+0.000		+36.085		+0.000		+0.004
2017-11-01 13:46:20.034000		+0.000		+36.025		+0.000		+0.004
2017-11-01 13:46:21.034000		+0.000		+36.168		+0.000		+0.001
2017-11-01 13:46:22.034000		+0.000		+37.101		+0.000		+0.003
2017-11-01 13:46:23.034000		+0.000		+37.124		+0.000		+0.002
2017-11-01 13:46:24.034000		+0.000		+37.076		+0.000		+0.006
2017-11-01 13:46:25.034000		+0.000		+37.134		+0.000		+0.002
2017-11-01 13:46:26.034000		+0.000		+37.097		+0.000		+0.002
2017-11-01 13:46:27.034000		+0.000		+37.145		+0.000		+0.004
2017-11-01 13:46:28.034000		+0.000		+37.102		+0.000		+0.005
2017-11-01 13:46:29.034000		+0.000		+37.096		+0.000		+0.003
2017-11-01 13:46:30.035000		+0.000		+37.088		+0.000		+0.006
2017-11-01 13:46:31.034000		+0.000		+37.221		+0.000		+0.003
2017-11-01 13:46:32.034000		+0.000		+38.120		+0.000		+0.006
2017-11-01 13:46:33.035000		+0.000		+38.137		+0.000		+0.004
2017-11-01 13:46:34.035000		+0.000		+38.147		+0.000		+0.005
2017-11-01 13:46:35.034000		+0.000		+38.128		+0.000		+0.004
2017-11-01 13:46:36.035000		+0.000		+38.150		+0.000		+0.006
2017-11-01 13:46:37.035000		+0.000		+38.123		+0.000		+0.003
2017-11-01 13:46:38.035000		+0.000		+38.123		+0.000		+0.005
2017-11-01 13:46:39.034000		+0.000		+38.134		+0.000		+0.007
2017-11-01 13:46:40.035000		+0.000		+38.130		+0.000		+0.005
2017-11-01 13:46:41.035000		+0.000		+38.221		+0.000		+0.004
2017-11-01 13:46:42.035000		+0.000		+39.096		+0.000		+0.005
2017-11-01 13:46:43.035000		+0.000		+39.087		+0.000		+0.004
2017-11-01 13:46:44.035000		+0.000		+39.079		+0.000		+0.006
2017-11-01 13:46:45.035000		+0.000		+39.104		+0.000		+0.003
2017-11-01 13:46:46.035000		+0.000		+39.056		+0.000		+0.006
2017-11-01 13:46:47.035000		+0.000		+39.080		+0.000		+0.004
2017-11-01 13:46:48.035000		+0.000		+39.077		+0.000		+0.005
2017-11-01 13:46:49.035000		+0.000		+39.068		+0.000		+0.003
2017-11-01 13:46:50.035000		+0.000		+39.041		+0.000		+0.005
2017-11-01 13:46:51.035000		+0.000		+39.221		+0.000		+0.006
2017-11-01 13:46:52.035000		+0.000		+40.119		+0.000		+0.005
2017-11-01 13:46:53.036000		+0.000		+40.096		+0.000		+0.006
2017-11-01 13:46:54.035000		+0.000		+40.111		+0.000		+0.005
2017-11-01 13:46:55.036000		+0.000		+40.143		+0.000		+0.005
2017-11-01 13:46:56.035000		+0.000		+40.088		+0.000		+0.005
2017-11-01 13:46:57.035000		+0.000		+40.100		+0.000		+0.003
2017-11-01 13:46:58.036000		+0.000		+40.098		+0.000		+0.006
2017-11-01 13:46:59.036000		+0.000		+40.099		+0.000		+0.002
2017-11-01 13:47:00.035000		+0.000		+40.128		+0.000		+0.006
2017-11-01 13:47:01.036000		+0.000		+40.189		+0.000		+0.002
2017-11-01 13:47:02.036000		+0.000		+41.148		+0.000		+0.005
2017-11-01 13:47:03.035000		+0.000		+41.091		+0.000		+0.003
2017-11-01 13:47:04.036000		+0.000		+41.120		+0.000		+0.005
2017-11-01 13:47:05.035000		+0.000		+41.154		+0.000		+0.004
2017-11-01 13:47:06.036000		+0.000		+41.117		+0.000		+0.005
2017-11-01 13:47:07.036000		+0.000		+41.147		+0.000		+0.004
2017-11-01 13:47:08.036000		+0.000		+41.107		+0.000		+0.004
2017-11-01 13:47:09.036000		+0.000		+41.146		+0.000		+0.005
2017-11-01 13:47:10.036000		+0.000		+41.105		+0.000		+0.004
2017-11-01 13:47:11.036000		+0.000		+41.202		+0.000		+0.005
2017-11-01 13:47:12.037000		+0.000		+42.129		+0.000		+0.003
2017-11-01 13:47:13.036000		+0.000		+42.168		+0.000		+0.005
2017-11-01 13:47:14.037000		+0.000		+42.133		+0.000		+0.005
2017-11-01 13:47:15.036000		+0.000		+42.155		+0.000		+0.004
2017-11-01 13:47:16.037000		+0.000		+42.115		+0.000		+0.006
2017-11-01 13:47:17.036000		+0.000		+42.163		+0.000		+0.003
2017-11-01 13:47:18.036000		+0.000		+42.157		+0.000		+0.005
2017-11-01 13:47:19.036000		+0.000		+42.173		+0.000		+0.003
2017-11-01 13:47:20.036000		+0.000		+42.161		+0.000		+0.006
2017-11-01 13:47:21.036000		+0.000		+42.210		+0.000		+0.003
2017-11-01 13:47:22.037000		+0.000		+43.063		+0.000		+0.006
2017-11-01 13:47:23.037000		+0.000		+43.091		+0.000		+0.003
2017-11-01 13:47:24.036000		+0.000		+43.110		+0.000		+0.006
2017-11-01 13:47:25.036000		+0.000		+43.112		+0.000		+0.004
2017-11-01 13:47:26.037000		+0.000		+43.094		+0.000		+0.007
2017-11-01 13:47:27.036000		+0.000		+43.125		+0.000		+0.004
2017-11-01 13:47:28.037000		+0.000		+43.085		+0.000		+0.005
2017-11-01 13:47:29.037000		+0.000		+43.103		+0.000		+0.005
2017-11-01 13:47:30.037000		+0.000		+43.114		+0.000		+0.006
2017-11-01 13:47:31.036000		+0.000		+43.151		+0.000		+0.004
2017-11-01 13:47:32.037000		+0.000		+44.137		+0.000		+0.006
2017-11-01 13:47:33.037000		+0.000		+44.102		+0.000		+0.002
2017-11-01 13:47:34.038000		+0.000		+44.114		+0.000		+0.007
2017-11-01 13:47:35.037000		+0.000		+44.149		+0.000		+0.003
2017-11-01 13:47:36.037000		+0.000		+44.125		+0.000		+0.005
2017-11-01 13:47:37.037000		+0.000		+44.103		+0.000		+0.004
2017-11-01 13:47:38.038000		+0.000		+44.131		+0.000		+0.009
2017-11-01 13:47:39.037000		+0.000		+44.151		+0.000		+0.008
2017-11-01 13:47:40.038000		+0.000		+44.117		+0.000		+0.008
2017-11-01 13:47:41.037000		+0.000		+44.170		+0.000		+0.006
2017-11-01 13:47:42.037000		+0.000		+45.118		+0.000		+0.003
2017-11-01 13:47:43.038000		+0.000		+45.218		+0.000		+0.007
2017-11-01 13:47:44.036000		+0.000		+45.121		+0.000		+0.006
2017-11-01 13:47:45.037000		+0.000		+45.139		+0.000		+0.006
2017-11-01 13:47:46.038000		+0.000		+45.120		+0.000		+0.007
2017-11-01 13:47:47.037000		+0.000		+45.159		+0.000		+0.005
2017-11-01 13:47:48.037000		+0.000		+45.122		+0.000		+0.004
2017-11-01 13:47:49.037000		+0.000		+45.171		+0.000		+0.003
2017-11-01 13:47:50.038000		+0.000		+45.131		+0.000		+0.005
2017-11-01 13:47:51.038000		+0.000		+45.233		+0.000		+0.004
2017-11-01 13:47:52.038000		+0.000		+46.132		+0.000		+0.004
2017-11-01 13:47:53.037000		+0.000		+46.162		+0.000		+0.003
2017-11-01 13:47:54.038000		+0.000		+46.182		+0.000		+0.005
2017-11-01 13:47:55.037000		+0.000		+46.139		+0.000		+0.002
2017-11-01 13:47:56.039000		+0.000		+46.192		+0.000		+0.006
2017-11-01 13:47:57.038000		+0.000		+46.175		+0.000		+0.006
2017-11-01 13:47:58.038000		+0.000		+46.185		+0.000		+0.006
2017-11-01 13:47:59.038000		+0.000		+46.150		+0.000		+0.003
2017-11-01 13:48:00.038000		+0.000		+46.232		+0.000		+0.005
2017-11-01 13:48:01.038000		+0.000		+46.244		+0.000		+0.003
2017-11-01 13:48:02.039000		+0.000		+47.093		+0.000		+0.005
2017-11-01 13:48:03.038000		+0.000		+47.153		+0.000		+0.004
2017-11-01 13:48:04.038000		+0.000		+47.120		+0.000		+0.008
2017-11-01 13:48:05.038000		+0.000		+47.112		+0.000		+0.004
2017-11-01 13:48:06.039000		+0.000		+47.117		+0.000		+0.007
2017-11-01 13:48:07.038000		+0.000		+47.128		+0.000		+0.005
2017-11-01 13:48:08.038000		+0.000		+47.088		+0.000		+0.006
2017-11-01 13:48:09.038000		+0.000		+47.155		+0.000		+0.006
2017-11-01 13:48:10.038000		+0.000		+47.130		+0.000		+0.007
2017-11-01 13:48:11.038000		+0.000		+47.209		+0.000		+0.004
2017-11-01 13:48:12.039000		+0.000		+48.116		+0.000		+0.006
2017-11-01 13:48:13.039000		+0.000		+48.159		+0.000		+0.005
2017-11-01 13:48:14.039000		+0.000		+48.147		+0.000		+0.004
2017-11-01 13:48:15.039000		+0.000		+48.169		+0.000		+0.004
2017-11-01 13:48:16.039000		+0.000		+48.160		+0.000		+0.005
2017-11-01 13:48:17.039000		+0.000		+48.171		+0.000		+0.005
2017-11-01 13:48:18.039000		+0.000		+48.143		+0.000		+0.006
2017-11-01 13:48:19.039000		+0.000		+48.156		+0.000		+0.003
2017-11-01 13:48:20.039000		+0.000		+48.129		+0.000		+0.005
2017-11-01 13:48:21.039000		+0.000		+48.237		+0.000		+0.005
2017-11-01 13:48:22.038000		+0.000		+49.181		+0.000		+0.006
2017-11-01 13:48:23.038000		+0.000		+49.165		+0.000		+0.004
2017-11-01 13:48:24.039000		+0.000		+49.143		+0.000		+0.006
2017-11-01 13:48:25.038000		+0.000		+49.157		+0.000		+0.003
2017-11-01 13:48:26.038000		+0.000		+49.164		+0.000		+0.006
2017-11-01 13:48:27.039000		+0.000		+49.169		+0.000		+0.005
2017-11-01 13:48:28.040000		+0.000		+49.146		+0.000		+0.005
2017-11-01 13:48:29.039000		+0.000		+49.171		+0.000		+0.005
2017-11-01 13:48:30.039000		+0.000		+49.170		+0.000		+0.006
2017-11-01 13:48:31.039000		+0.000		+49.251		+0.000		+0.004
2017-11-01 13:48:32.039000		+0.000		+50.200		+0.000		+0.005
2017-11-01 13:48:33.039000		+0.000		+50.154		+0.000		+0.006
2017-11-01 13:48:34.039000		+0.000		+50.185		+0.000		+0.007
2017-11-01 13:48:35.039000		+0.000		+50.200		+0.000		+0.004
2017-11-01 13:48:36.040000		+0.000		+50.200		+0.000		+0.005
2017-11-01 13:48:37.040000		+0.000		+50.147		+0.000		+0.003
2017-11-01 13:48:38.040000		+0.000		+50.200		+0.000		+0.005
2017-11-01 13:48:39.039000		+0.000		+50.200		+0.000		+0.004
2017-11-01 13:48:40.039000		+0.000		+50.200		+0.000		+0.006
2017-11-01 13:48:41.039000		+0.000		+50.165		+0.000		+0.003
2017-11-01 13:48:42.040000		+0.000		+50.200		+0.000		+0.005
2017-11-01 13:48:43.039000		+0.000		+50.199		+0.000		+0.004
2017-11-01 13:48:44.040000		+0.000		+50.169		+0.000		+0.004
2017-11-01 13:48:45.039000		+0.000		+50.200		+0.000		+0.005
2017-11-01 13:48:46.040000		+0.000		+50.197		+0.000		+0.006
2017-11-01 13:48:47.040000		+0.000		+50.189		+0.000		+0.004
2017-11-01 13:48:48.040000		+0.000		+50.200		+0.000		+0.005
2017-11-01 13:48:49.040000		+0.000		+26.722		+0.000		+0.002
2017-11-01 13:48:50.039000		+0.000		+0.340		+0.000		+0.001
2017-11-01 13:48:51.040000		+0.000		+0.326		+0.000		+0.002
2017-11-01 13:48:52.040000		+0.000		+0.321		+0.000		+0.003
2017-11-01 13:48:53.041000		+0.000		+0.341		+0.000		+0.001
